<?xml version="1.0" encoding="UTF-8"?>
<testsuite name="com.documentor.service.DocumentationServiceTest" tests="4" skipped="0" failures="0" errors="0" timestamp="2025-10-08T01:25:23" hostname="LAPPY" time="0.045">
  <properties/>
  <testcase name="testGenerateDocumentation()" classname="com.documentor.service.DocumentationServiceTest" time="0.024"/>
  <testcase name="testGenerateDocumentationWithMultipleElements()" classname="com.documentor.service.DocumentationServiceTest" time="0.011"/>
  <testcase name="testGenerateDocumentationWithEmptyAnalysis()" classname="com.documentor.service.DocumentationServiceTest" time="0.006"/>
  <testcase name="testConstructor()" classname="com.documentor.service.DocumentationServiceTest" time="0.002"/>
  <system-out><![CDATA[21:25:23.511 [Test worker] INFO  c.d.service.DocumentationService - ]]>&#x1f4dd;<![CDATA[ Starting documentation generation for project: /test/project
21:25:23.526 [ForkJoinPool.commonPool-worker-2] INFO  c.d.service.DocumentationService - ✅ Documentation generated successfully at: C:\Users\Pete\AppData\Local\Temp\junit14889186107582574396
21:25:23.535 [Test worker] INFO  c.d.service.DocumentationService - ]]>&#x1f4dd;<![CDATA[ Starting documentation generation for project: /test/project
21:25:23.541 [ForkJoinPool.commonPool-worker-2] INFO  c.d.service.DocumentationService - ✅ Documentation generated successfully at: C:\Users\Pete\AppData\Local\Temp\junit17213168710651692709
21:25:23.547 [Test worker] INFO  c.d.service.DocumentationService - ]]>&#x1f4dd;<![CDATA[ Starting documentation generation for project: /test/empty
21:25:23.549 [ForkJoinPool.commonPool-worker-2] INFO  c.d.service.DocumentationService - ✅ Documentation generated successfully at: C:\Users\Pete\AppData\Local\Temp\junit9757058613193769807
]]></system-out>
  <system-err><![CDATA[]]></system-err>
</testsuite>
