'chcp' is not recognized as an internal or external command,
operable program or batch file.
Picked up JAVA_TOOL_OPTIONS: -Dstdout.encoding=UTF-8 -Dstderr.encoding=UTF-8
> Task :compileJava
> Task :processResources UP-TO-DATE
> Task :classes
> Task :compileTestJava
> Task :processTestResources UP-TO-DATE
> Task :testClasses

> Task :test
Picked up JAVA_TOOL_OPTIONS: -Dstdout.encoding=UTF-8 -Dstderr.encoding=UTF-8

ConfigurationCommandHandlerTest > handleValidateConfigWithNullOutputSettings(Path) FAILED
    org.opentest4j.AssertionFailedError at ConfigurationCommandHandlerTest.java:189

7 tests completed, 1 failed

> Task :test FAILED

FAILURE: Build failed with an exception.

* What went wrong:
Execution failed for task ':test'.
> There were failing tests. See the report at: file:///C:/Users/Pete/Desktop/documentor/build/reports/tests/test/index.html

* Try:
> Run with --scan to generate a Build Scan (Powered by Develocity).

BUILD FAILED in 7s
5 actionable tasks: 3 executed, 2 up-to-date
