'chcp' is not recognized as an internal or external command,
operable program or batch file.
Picked up JAVA_TOOL_OPTIONS: -Dstdout.encoding=UTF-8 -Dstderr.encoding=UTF-8
> Task :compileJava
> Task :processResources UP-TO-DATE
> Task :classes
> Task :compileTestJava UP-TO-DATE
> Task :processTestResources UP-TO-DATE
> Task :testClasses UP-TO-DATE

> Task :test
Picked up JAVA_TOOL_OPTIONS: -Dstdout.encoding=UTF-8 -Dstderr.encoding=UTF-8

ConfigurationCommandHandlerBranchTest > testHandleValidateConfigWithExplicitNulls() FAILED
    org.opentest4j.AssertionFailedError at ConfigurationCommandHandlerBranchTest.java:163

ConfigurationCommandHandlerBranchTest > testHandleValidateConfigWithCustomObjectMapper() FAILED
    org.opentest4j.AssertionFailedError at ConfigurationCommandHandlerBranchTest.java:120

8 tests completed, 2 failed

> Task :test FAILED

FAILURE: Build failed with an exception.

* What went wrong:
Execution failed for task ':test'.
> There were failing tests. See the report at: file:///C:/Users/Pete/Desktop/documentor/build/reports/tests/test/index.html

* Try:
> Run with --scan to generate a Build Scan (Powered by Develocity).

BUILD FAILED in 5s
5 actionable tasks: 2 executed, 3 up-to-date
